
-----------------------------------------

time:2017-08-25 16:19:22,377 
level:INFO 
logger:Microsoft.AspNetCore.Hosting.Internal.WebHost
file:? line? 
content:Request starting HTTP/1.1 GET http://localhost:57943/api/values  

-----------------------------------------

time:2017-08-25 16:19:22,488 
level:INFO 
logger:Microsoft.AspNetCore.Mvc.Internal.ControllerActionInvoker
file:? line? 
content:Executing action method NTCore.WebFront.Controllers.ValuesController.Get (NTCore.WebFront) with arguments ((null)) - ModelState is Valid

-----------------------------------------

time:2017-08-25 16:19:22,494 
level:ERROR 
logger:NTCore.WebFront.Controllers.ValuesController
file:? line? 
content:AAAAAAAAAAAAAA

-----------------------------------------

time:2017-08-25 16:19:22,499 
level:INFO 
logger:Microsoft.AspNetCore.Mvc.Internal.ObjectResultExecutor
file:? line? 
content:Executing ObjectResult, writing value Microsoft.AspNetCore.Mvc.ControllerContext.

-----------------------------------------

time:2017-08-25 16:19:22,542 
level:INFO 
logger:Microsoft.AspNetCore.Mvc.Internal.ControllerActionInvoker
file:? line? 
content:Executed action NTCore.WebFront.Controllers.ValuesController.Get (NTCore.WebFront) in 60.842ms

-----------------------------------------

time:2017-08-25 16:19:22,543 
level:INFO 
logger:Microsoft.AspNetCore.Hosting.Internal.WebHost
file:? line? 
content:Request finished in 170.01ms 200 application/json; charset=utf-8

-----------------------------------------

time:2017-08-25 16:19:30,177 
level:INFO 
logger:Microsoft.AspNetCore.Hosting.Internal.WebHost
file:? line? 
content:Request starting HTTP/1.1 GET http://localhost:57943/api/values  

-----------------------------------------

time:2017-08-25 16:19:30,178 
level:INFO 
logger:Microsoft.AspNetCore.Mvc.Internal.ControllerActionInvoker
file:? line? 
content:Executing action method NTCore.WebFront.Controllers.ValuesController.Get (NTCore.WebFront) with arguments ((null)) - ModelState is Valid

-----------------------------------------

time:2017-08-25 16:19:30,178 
level:ERROR 
logger:NTCore.WebFront.Controllers.ValuesController
file:? line? 
content:AAAAAAAAAAAAAA

-----------------------------------------

time:2017-08-25 16:19:30,178 
level:INFO 
logger:Microsoft.AspNetCore.Mvc.Internal.ObjectResultExecutor
file:? line? 
content:Executing ObjectResult, writing value Microsoft.AspNetCore.Mvc.ControllerContext.

-----------------------------------------

time:2017-08-25 16:19:30,179 
level:INFO 
logger:Microsoft.AspNetCore.Mvc.Internal.ControllerActionInvoker
file:? line? 
content:Executed action NTCore.WebFront.Controllers.ValuesController.Get (NTCore.WebFront) in 1.359ms

-----------------------------------------

time:2017-08-25 16:19:30,179 
level:INFO 
logger:Microsoft.AspNetCore.Hosting.Internal.WebHost
file:? line? 
content:Request finished in 2.159ms 200 application/json; charset=utf-8

-----------------------------------------

time:2017-08-25 16:20:22,455 
level:INFO 
logger:Microsoft.AspNetCore.Hosting.Internal.WebHost
file:? line? 
content:Request starting HTTP/1.1 GET http://localhost:57943/api/values  

-----------------------------------------

time:2017-08-25 16:20:22,561 
level:INFO 
logger:Microsoft.AspNetCore.Mvc.Internal.ControllerActionInvoker
file:? line? 
content:Executing action method NTCore.WebFront.Controllers.ValuesController.Get (NTCore.WebFront) with arguments ((null)) - ModelState is Valid

-----------------------------------------

time:2017-08-25 16:20:22,567 
level:ERROR 
logger:NTCore.WebFront.Controllers.ValuesController
file:? line? 
content:AAAAAAAAAAAAAA

-----------------------------------------

time:2017-08-25 16:20:22,572 
level:INFO 
logger:Microsoft.AspNetCore.Mvc.Internal.ObjectResultExecutor
file:? line? 
content:Executing ObjectResult, writing value Microsoft.AspNetCore.Mvc.ControllerContext.

-----------------------------------------

time:2017-08-25 16:20:22,613 
level:INFO 
logger:Microsoft.AspNetCore.Mvc.Internal.ControllerActionInvoker
file:? line? 
content:Executed action NTCore.WebFront.Controllers.ValuesController.Get (NTCore.WebFront) in 58.728ms

-----------------------------------------

time:2017-08-25 16:20:22,614 
level:INFO 
logger:Microsoft.AspNetCore.Hosting.Internal.WebHost
file:? line? 
content:Request finished in 163.91ms 200 application/json; charset=utf-8

-----------------------------------------

time:2017-08-25 16:20:34,554 
level:INFO 
logger:Microsoft.AspNetCore.Hosting.Internal.WebHost
file:? line? 
content:Request starting HTTP/1.1 GET http://localhost:57943/api/values  

-----------------------------------------

time:2017-08-25 16:20:34,554 
level:INFO 
logger:Microsoft.AspNetCore.Mvc.Internal.ControllerActionInvoker
file:? line? 
content:Executing action method NTCore.WebFront.Controllers.ValuesController.Get (NTCore.WebFront) with arguments ((null)) - ModelState is Valid

-----------------------------------------

time:2017-08-25 16:20:34,554 
level:ERROR 
logger:NTCore.WebFront.Controllers.ValuesController
file:? line? 
content:AAAAAAAAAAAAAA

-----------------------------------------

time:2017-08-25 16:20:34,555 
level:INFO 
logger:Microsoft.AspNetCore.Mvc.Internal.ObjectResultExecutor
file:? line? 
content:Executing ObjectResult, writing value Microsoft.AspNetCore.Mvc.ControllerContext.

-----------------------------------------

time:2017-08-25 16:20:34,555 
level:INFO 
logger:Microsoft.AspNetCore.Mvc.Internal.ControllerActionInvoker
file:? line? 
content:Executed action NTCore.WebFront.Controllers.ValuesController.Get (NTCore.WebFront) in 1.374ms

-----------------------------------------

time:2017-08-25 16:20:34,556 
level:INFO 
logger:Microsoft.AspNetCore.Hosting.Internal.WebHost
file:? line? 
content:Request finished in 1.883ms 200 application/json; charset=utf-8
