
-----------------------------------------

time:2017-08-26 16:43:01,212 
level:INFO 
logger:Microsoft.AspNetCore.Hosting.Internal.WebHost
file:? line? 
content:Request starting HTTP/1.1 GET http://localhost:57943/  

-----------------------------------------

time:2017-08-26 16:43:01,511 
level:INFO 
logger:Microsoft.AspNetCore.Hosting.Internal.WebHost
file:? line? 
content:Request finished in 302.476ms 404 

-----------------------------------------

time:2017-08-26 16:43:04,795 
level:INFO 
logger:Microsoft.AspNetCore.Hosting.Internal.WebHost
file:? line? 
content:Request starting HTTP/1.1 GET http://localhost:57943/api/values  

-----------------------------------------

time:2017-08-26 16:43:04,828 
level:INFO 
logger:Microsoft.AspNetCore.Mvc.Internal.ControllerActionInvoker
file:? line? 
content:Executing action method NTCore.WebFront.Controllers.ValuesController.Get (NTCore.WebFront) with arguments ((null)) - ModelState is Valid

-----------------------------------------

time:2017-08-26 16:43:04,837 
level:ERROR 
logger:NTCore.WebFront.Controllers.ValuesController
file:? line? 
content:BBBBBBBBBBBBBBBBBBBB

-----------------------------------------

time:2017-08-26 16:43:05,053 
level:INFO 
logger:Microsoft.AspNetCore.Mvc.Internal.ControllerActionInvoker
file:? line? 
content:Executed action NTCore.WebFront.Controllers.ValuesController.Get (NTCore.WebFront) in 232.535ms

-----------------------------------------

time:2017-08-26 16:43:05,084 
level:ERROR 
logger:Microsoft.AspNetCore.Diagnostics.DeveloperExceptionPageMiddleware
file:? line? 
content:An unhandled exception has occurred while executing the request
StackExchange.Redis.RedisConnectionException: It was not possible to connect to the redis server(s); to create a disconnected multiplexer, disable AbortOnConnectFail. AuthenticationFailure on PING
   at StackExchange.Redis.ConnectionMultiplexer.ConnectImpl(Func`1 multiplexerFactory, TextWriter log) in c:\code\StackExchange.Redis\StackExchange.Redis\StackExchange\Redis\ConnectionMultiplexer.cs:line 890
   at NTCore.RedisAccess.RedisConfig.Get() in /mnt/d/Projects/NTPlatform/NTCore.RedisAccess/RedisConfig.cs:line 10
   at NTCore.WebFront.Controllers.ValuesController.Get() in /mnt/d/Projects/NTPlatform/NTCore.WebFront/Controllers/ValuesController.cs:line 27
   at lambda_method(Closure , Object , Object[] )
   at Microsoft.Extensions.Internal.ObjectMethodExecutor.Execute(Object target, Object[] parameters)
   at Microsoft.AspNetCore.Mvc.Internal.ControllerActionInvoker.<InvokeActionMethodAsync>d__12.MoveNext()
--- End of stack trace from previous location where exception was thrown ---
   at System.Runtime.ExceptionServices.ExceptionDispatchInfo.Throw()
   at System.Runtime.CompilerServices.TaskAwaiter.HandleNonSuccessAndDebuggerNotification(Task task)
   at Microsoft.AspNetCore.Mvc.Internal.ControllerActionInvoker.<InvokeNextActionFilterAsync>d__10.MoveNext()
--- End of stack trace from previous location where exception was thrown ---
   at System.Runtime.ExceptionServices.ExceptionDispatchInfo.Throw()
   at Microsoft.AspNetCore.Mvc.Internal.ControllerActionInvoker.Rethrow(ActionExecutedContext context)
   at Microsoft.AspNetCore.Mvc.Internal.ControllerActionInvoker.Next(State& next, Scope& scope, Object& state, Boolean& isCompleted)
   at Microsoft.AspNetCore.Mvc.Internal.ControllerActionInvoker.<InvokeInnerFilterAsync>d__14.MoveNext()
--- End of stack trace from previous location where exception was thrown ---
   at System.Runtime.ExceptionServices.ExceptionDispatchInfo.Throw()
   at System.Runtime.CompilerServices.TaskAwaiter.HandleNonSuccessAndDebuggerNotification(Task task)
   at Microsoft.AspNetCore.Mvc.Internal.ResourceInvoker.<InvokeNextResourceFilter>d__22.MoveNext()
--- End of stack trace from previous location where exception was thrown ---
   at System.Runtime.ExceptionServices.ExceptionDispatchInfo.Throw()
   at Microsoft.AspNetCore.Mvc.Internal.ResourceInvoker.Rethrow(ResourceExecutedContext context)
   at Microsoft.AspNetCore.Mvc.Internal.ResourceInvoker.Next(State& next, Scope& scope, Object& state, Boolean& isCompleted)
   at Microsoft.AspNetCore.Mvc.Internal.ResourceInvoker.<InvokeFilterPipelineAsync>d__17.MoveNext()
--- End of stack trace from previous location where exception was thrown ---
   at System.Runtime.ExceptionServices.ExceptionDispatchInfo.Throw()
   at System.Runtime.CompilerServices.TaskAwaiter.HandleNonSuccessAndDebuggerNotification(Task task)
   at Microsoft.AspNetCore.Mvc.Internal.ResourceInvoker.<InvokeAsync>d__15.MoveNext()
--- End of stack trace from previous location where exception was thrown ---
   at System.Runtime.ExceptionServices.ExceptionDispatchInfo.Throw()
   at System.Runtime.CompilerServices.TaskAwaiter.HandleNonSuccessAndDebuggerNotification(Task task)
   at Microsoft.AspNetCore.Builder.RouterMiddleware.<Invoke>d__4.MoveNext()
--- End of stack trace from previous location where exception was thrown ---
   at System.Runtime.ExceptionServices.ExceptionDispatchInfo.Throw()
   at System.Runtime.CompilerServices.TaskAwaiter.HandleNonSuccessAndDebuggerNotification(Task task)
   at Microsoft.AspNetCore.Diagnostics.DeveloperExceptionPageMiddleware.<Invoke>d__7.MoveNext()

-----------------------------------------

time:2017-08-26 16:43:05,222 
level:INFO 
logger:Microsoft.AspNetCore.Hosting.Internal.WebHost
file:? line? 
content:Request finished in 426.918ms 500 text/html; charset=utf-8

-----------------------------------------

time:2017-08-26 16:50:33,005 
level:INFO 
logger:Microsoft.AspNetCore.Hosting.Internal.WebHost
file:? line? 
content:Request starting HTTP/1.1 GET http://localhost:57943/api/values  

-----------------------------------------

time:2017-08-26 16:50:33,132 
level:INFO 
logger:Microsoft.AspNetCore.Mvc.Internal.ControllerActionInvoker
file:? line? 
content:Executing action method NTCore.WebFront.Controllers.ValuesController.Get (NTCore.WebFront) with arguments ((null)) - ModelState is Valid

-----------------------------------------

time:2017-08-26 16:50:33,140 
level:ERROR 
logger:NTCore.WebFront.Controllers.ValuesController
file:? line? 
content:BBBBBBBBBBBBBBBBBBBB

-----------------------------------------

time:2017-08-26 16:50:33,385 
level:INFO 
logger:Microsoft.AspNetCore.Mvc.Internal.ObjectResultExecutor
file:? line? 
content:Executing ObjectResult, writing value Microsoft.AspNetCore.Mvc.ControllerContext.

-----------------------------------------

time:2017-08-26 16:50:33,439 
level:INFO 
logger:Microsoft.AspNetCore.Mvc.Internal.ControllerActionInvoker
file:? line? 
content:Executed action NTCore.WebFront.Controllers.ValuesController.Get (NTCore.WebFront) in 315.339ms

-----------------------------------------

time:2017-08-26 16:50:33,440 
level:INFO 
logger:Microsoft.AspNetCore.Hosting.Internal.WebHost
file:? line? 
content:Request finished in 439.684ms 200 application/json; charset=utf-8

-----------------------------------------

time:2017-08-26 16:50:35,813 
level:INFO 
logger:Microsoft.AspNetCore.Hosting.Internal.WebHost
file:? line? 
content:Request starting HTTP/1.1 GET http://localhost:57943/api/values  

-----------------------------------------

time:2017-08-26 16:50:35,813 
level:INFO 
logger:Microsoft.AspNetCore.Mvc.Internal.ControllerActionInvoker
file:? line? 
content:Executing action method NTCore.WebFront.Controllers.ValuesController.Get (NTCore.WebFront) with arguments ((null)) - ModelState is Valid

-----------------------------------------

time:2017-08-26 16:50:35,813 
level:ERROR 
logger:NTCore.WebFront.Controllers.ValuesController
file:? line? 
content:BBBBBBBBBBBBBBBBBBBB

-----------------------------------------

time:2017-08-26 16:50:35,820 
level:INFO 
logger:Microsoft.AspNetCore.Mvc.Internal.ObjectResultExecutor
file:? line? 
content:Executing ObjectResult, writing value Microsoft.AspNetCore.Mvc.ControllerContext.

-----------------------------------------

time:2017-08-26 16:50:35,821 
level:INFO 
logger:Microsoft.AspNetCore.Mvc.Internal.ControllerActionInvoker
file:? line? 
content:Executed action NTCore.WebFront.Controllers.ValuesController.Get (NTCore.WebFront) in 7.785ms

-----------------------------------------

time:2017-08-26 16:50:35,821 
level:INFO 
logger:Microsoft.AspNetCore.Hosting.Internal.WebHost
file:? line? 
content:Request finished in 8.354ms 200 application/json; charset=utf-8

-----------------------------------------

time:2017-08-26 17:14:11,386 
level:INFO 
logger:Microsoft.AspNetCore.Hosting.Internal.WebHost
file:? line? 
content:Request starting HTTP/1.1 GET http://localhost:57942/api/values  

-----------------------------------------

time:2017-08-26 17:14:32,711 
level:WARN 
logger:Microsoft.AspNetCore.Server.Kestrel
file:? line? 
content:Heartbeat took longer than "00:00:01" at "08/26/2017 09:14:32 +00:00".

-----------------------------------------

time:2017-08-26 17:14:32,711 
level:INFO 
logger:Microsoft.AspNetCore.Mvc.Internal.ControllerActionInvoker
file:? line? 
content:Executed action NTCore.WebFront.Controllers.ValuesController.Get (NTCore.WebFront) in 21119.5451ms

-----------------------------------------

time:2017-08-26 17:14:32,788 
level:ERROR 
logger:Microsoft.AspNetCore.Diagnostics.DeveloperExceptionPageMiddleware
file:? line? 
content:An unhandled exception has occurred while executing the request
System.NotImplementedException: The method or operation is not implemented.
   at NTCore.Extensions.MvcFilter.ParameterValidationFilter.OnActionExecuting(ActionExecutingContext context) in D:\Projects\NTPlatform\NTCore.Extensions\MvcFilter\ParameterValidationFilter.cs:line 16
   at Microsoft.AspNetCore.Mvc.Internal.ControllerActionInvoker.Next(State& next, Scope& scope, Object& state, Boolean& isCompleted)
   at Microsoft.AspNetCore.Mvc.Internal.ControllerActionInvoker.<InvokeNextActionFilterAsync>d__10.MoveNext()
--- End of stack trace from previous location where exception was thrown ---
   at System.Runtime.ExceptionServices.ExceptionDispatchInfo.Throw()
   at Microsoft.AspNetCore.Mvc.Internal.ControllerActionInvoker.Rethrow(ActionExecutedContext context)
   at Microsoft.AspNetCore.Mvc.Internal.ControllerActionInvoker.Next(State& next, Scope& scope, Object& state, Boolean& isCompleted)
   at Microsoft.AspNetCore.Mvc.Internal.ControllerActionInvoker.<InvokeInnerFilterAsync>d__14.MoveNext()
--- End of stack trace from previous location where exception was thrown ---
   at System.Runtime.ExceptionServices.ExceptionDispatchInfo.Throw()
   at System.Runtime.CompilerServices.TaskAwaiter.HandleNonSuccessAndDebuggerNotification(Task task)
   at Microsoft.AspNetCore.Mvc.Internal.ResourceInvoker.<InvokeNextResourceFilter>d__22.MoveNext()
--- End of stack trace from previous location where exception was thrown ---
   at System.Runtime.ExceptionServices.ExceptionDispatchInfo.Throw()
   at Microsoft.AspNetCore.Mvc.Internal.ResourceInvoker.Rethrow(ResourceExecutedContext context)
   at Microsoft.AspNetCore.Mvc.Internal.ResourceInvoker.Next(State& next, Scope& scope, Object& state, Boolean& isCompleted)
   at Microsoft.AspNetCore.Mvc.Internal.ResourceInvoker.<InvokeFilterPipelineAsync>d__17.MoveNext()
--- End of stack trace from previous location where exception was thrown ---
   at System.Runtime.ExceptionServices.ExceptionDispatchInfo.Throw()
   at System.Runtime.CompilerServices.TaskAwaiter.HandleNonSuccessAndDebuggerNotification(Task task)
   at Microsoft.AspNetCore.Mvc.Internal.ResourceInvoker.<InvokeAsync>d__15.MoveNext()
--- End of stack trace from previous location where exception was thrown ---
   at System.Runtime.ExceptionServices.ExceptionDispatchInfo.Throw()
   at System.Runtime.CompilerServices.TaskAwaiter.HandleNonSuccessAndDebuggerNotification(Task task)
   at Microsoft.AspNetCore.Builder.RouterMiddleware.<Invoke>d__4.MoveNext()
--- End of stack trace from previous location where exception was thrown ---
   at System.Runtime.ExceptionServices.ExceptionDispatchInfo.Throw()
   at System.Runtime.CompilerServices.TaskAwaiter.HandleNonSuccessAndDebuggerNotification(Task task)
   at Microsoft.AspNetCore.Diagnostics.DeveloperExceptionPageMiddleware.<Invoke>d__7.MoveNext()

-----------------------------------------

time:2017-08-26 17:14:32,919 
level:INFO 
logger:Microsoft.AspNetCore.Hosting.Internal.WebHost
file:? line? 
content:Request finished in 21541.8979ms 500 text/html; charset=utf-8

-----------------------------------------

time:2017-08-26 17:14:32,985 
level:INFO 
logger:Microsoft.AspNetCore.Hosting.Internal.WebHost
file:? line? 
content:Request starting HTTP/1.1 GET http://localhost:57942/favicon.ico  

-----------------------------------------

time:2017-08-26 17:14:32,989 
level:INFO 
logger:Microsoft.AspNetCore.Hosting.Internal.WebHost
file:? line? 
content:Request finished in 3.208ms 404 

-----------------------------------------

time:2017-08-26 17:14:37,405 
level:INFO 
logger:Microsoft.AspNetCore.Hosting.Internal.WebHost
file:? line? 
content:Request starting HTTP/1.1 GET http://localhost:57942/api/values  
