
-----------------------------------------

time:2017-08-30 10:25:26,395 
level:INFO 
logger:Microsoft.AspNetCore.Hosting.Internal.WebHost
file:? line? 
content:Request starting HTTP/1.1 GET http://localhost:57942/api/values  

-----------------------------------------

time:2017-08-30 10:25:26,906 
level:INFO 
logger:Microsoft.AspNetCore.Mvc.Internal.ControllerActionInvoker
file:? line? 
content:Executing action method NTCore.WebFront.Controllers.ValuesController.GetAsync (NTCore.WebFront) with arguments ((null)) - ModelState is Valid

-----------------------------------------

time:2017-08-30 10:25:31,350 
level:INFO 
logger:Microsoft.AspNetCore.Authentication.Cookies.CookieAuthenticationHandler
file:? line? 
content:AuthenticationScheme: CookieAuthenticationScheme signed in.

-----------------------------------------

time:2017-08-30 10:25:31,782 
level:INFO 
logger:Microsoft.AspNetCore.Mvc.Internal.ObjectResultExecutor
file:? line? 
content:Executing ObjectResult, writing value Microsoft.AspNetCore.Mvc.ControllerContext.

-----------------------------------------

time:2017-08-30 10:25:31,844 
level:INFO 
logger:Microsoft.AspNetCore.Mvc.Internal.ControllerActionInvoker
file:? line? 
content:Executed action NTCore.WebFront.Controllers.ValuesController.GetAsync (NTCore.WebFront) in 5039.4964ms

-----------------------------------------

time:2017-08-30 10:25:31,848 
level:INFO 
logger:Microsoft.AspNetCore.Hosting.Internal.WebHost
file:? line? 
content:Request finished in 5538.2527ms 200 application/json; charset=utf-8

-----------------------------------------

time:2017-08-30 10:25:31,864 
level:INFO 
logger:Microsoft.AspNetCore.Hosting.Internal.WebHost
file:? line? 
content:Request starting HTTP/1.1 GET http://localhost:57942/favicon.ico  

-----------------------------------------

time:2017-08-30 10:25:31,872 
level:INFO 
logger:Microsoft.AspNetCore.Authentication.Cookies.CookieAuthenticationHandler
file:? line? 
content:AuthenticationScheme: CookieAuthenticationScheme was successfully authenticated.

-----------------------------------------

time:2017-08-30 10:25:31,877 
level:INFO 
logger:Microsoft.AspNetCore.Hosting.Internal.WebHost
file:? line? 
content:Request finished in 11.3413ms 404 

-----------------------------------------

time:2017-08-30 10:25:41,895 
level:INFO 
logger:Microsoft.AspNetCore.Hosting.Internal.WebHost
file:? line? 
content:Request starting HTTP/1.1 GET http://localhost:57942/api/values  

-----------------------------------------

time:2017-08-30 10:25:41,915 
level:INFO 
logger:Microsoft.AspNetCore.Mvc.Internal.ControllerActionInvoker
file:? line? 
content:Executing action method NTCore.WebFront.Controllers.ValuesController.GetAsync (NTCore.WebFront) with arguments ((null)) - ModelState is Valid

-----------------------------------------

time:2017-08-30 10:27:40,672 
level:INFO 
logger:Microsoft.AspNetCore.Hosting.Internal.WebHost
file:? line? 
content:Request starting HTTP/1.1 GET http://localhost:57942/api/values  

-----------------------------------------

time:2017-08-30 10:27:40,872 
level:INFO 
logger:Microsoft.AspNetCore.Mvc.Internal.ControllerActionInvoker
file:? line? 
content:Executing action method NTCore.WebFront.Controllers.ValuesController.GetAsync (NTCore.WebFront) with arguments ((null)) - ModelState is Valid

-----------------------------------------

time:2017-08-30 10:27:44,157 
level:INFO 
logger:Microsoft.AspNetCore.Authentication.Cookies.CookieAuthenticationHandler
file:? line? 
content:AuthenticationScheme: CookieAuthenticationScheme signed in.

-----------------------------------------

time:2017-08-30 10:27:44,384 
level:INFO 
logger:Microsoft.AspNetCore.Mvc.Internal.ObjectResultExecutor
file:? line? 
content:Executing ObjectResult, writing value Microsoft.AspNetCore.Mvc.ControllerContext.

-----------------------------------------

time:2017-08-30 10:27:44,434 
level:INFO 
logger:Microsoft.AspNetCore.Mvc.Internal.ControllerActionInvoker
file:? line? 
content:Executed action NTCore.WebFront.Controllers.ValuesController.GetAsync (NTCore.WebFront) in 3605.2396ms

-----------------------------------------

time:2017-08-30 10:27:44,444 
level:INFO 
logger:Microsoft.AspNetCore.Hosting.Internal.WebHost
file:? line? 
content:Request finished in 3775.226ms 200 application/json; charset=utf-8

-----------------------------------------

time:2017-08-30 10:27:44,461 
level:INFO 
logger:Microsoft.AspNetCore.Hosting.Internal.WebHost
file:? line? 
content:Request starting HTTP/1.1 GET http://localhost:57942/favicon.ico  

-----------------------------------------

time:2017-08-30 10:27:44,470 
level:INFO 
logger:Microsoft.AspNetCore.Authentication.Cookies.CookieAuthenticationHandler
file:? line? 
content:AuthenticationScheme: CookieAuthenticationScheme was successfully authenticated.

-----------------------------------------

time:2017-08-30 10:27:44,481 
level:INFO 
logger:Microsoft.AspNetCore.Hosting.Internal.WebHost
file:? line? 
content:Request finished in 12.9045ms 404 

-----------------------------------------

time:2017-08-30 10:27:54,639 
level:INFO 
logger:Microsoft.AspNetCore.Hosting.Internal.WebHost
file:? line? 
content:Request starting HTTP/1.1 GET http://localhost:57942/api/values  

-----------------------------------------

time:2017-08-30 10:27:54,656 
level:INFO 
logger:Microsoft.AspNetCore.Mvc.Internal.ControllerActionInvoker
file:? line? 
content:Executing action method NTCore.WebFront.Controllers.ValuesController.GetAsync (NTCore.WebFront) with arguments ((null)) - ModelState is Valid

-----------------------------------------

time:2017-08-30 10:28:01,101 
level:INFO 
logger:Microsoft.AspNetCore.Authentication.Cookies.CookieAuthenticationHandler
file:? line? 
content:AuthenticationScheme: CookieAuthenticationScheme signed in.

-----------------------------------------

time:2017-08-30 10:28:31,507 
level:INFO 
logger:Microsoft.AspNetCore.Mvc.Internal.ObjectResultExecutor
file:? line? 
content:Executing ObjectResult, writing value Microsoft.AspNetCore.Mvc.ControllerContext.

-----------------------------------------

time:2017-08-30 10:28:31,511 
level:INFO 
logger:Microsoft.AspNetCore.Mvc.Internal.ControllerActionInvoker
file:? line? 
content:Executed action NTCore.WebFront.Controllers.ValuesController.GetAsync (NTCore.WebFront) in 36868.0035ms

-----------------------------------------

time:2017-08-30 10:28:31,524 
level:INFO 
logger:Microsoft.AspNetCore.Hosting.Internal.WebHost
file:? line? 
content:Request finished in 36875.2427ms 200 application/json; charset=utf-8
