
-----------------------------------------

time:2017-09-26 09:59:22,170 
level:INFO 
logger:Microsoft.EntityFrameworkCore.Infrastructure
file:? line? 
content:Entity Framework Core 2.0.0-rtm-26452 initialized 'MainContext' using provider 'Microsoft.EntityFrameworkCore.SqlServer' with options: MigrationsAssembly=NTCore.WebFront 

-----------------------------------------

time:2017-09-26 09:59:36,407 
level:INFO 
logger:Microsoft.EntityFrameworkCore.Infrastructure
file:? line? 
content:Entity Framework Core 2.0.0-rtm-26452 initialized 'MainContext' using provider 'Microsoft.EntityFrameworkCore.SqlServer' with options: MigrationsAssembly=NTCore.WebFront 

-----------------------------------------

time:2017-09-26 09:59:36,520 
level:INFO 
logger:Microsoft.EntityFrameworkCore.Database.Command
file:? line? 
content:Executed DbCommand (9ms) [Parameters=[], CommandType='Text', CommandTimeout='30']
SELECT OBJECT_ID(N'__EFMigrationsHistory');

-----------------------------------------

time:2017-09-26 09:59:36,542 
level:INFO 
logger:Microsoft.EntityFrameworkCore.Database.Command
file:? line? 
content:Executed DbCommand (4ms) [Parameters=[], CommandType='Text', CommandTimeout='30']
CREATE TABLE [__EFMigrationsHistory] (
    [MigrationId] nvarchar(150) NOT NULL,
    [ProductVersion] nvarchar(32) NOT NULL,
    CONSTRAINT [PK___EFMigrationsHistory] PRIMARY KEY ([MigrationId])
);

-----------------------------------------

time:2017-09-26 09:59:36,544 
level:INFO 
logger:Microsoft.EntityFrameworkCore.Database.Command
file:? line? 
content:Executed DbCommand (1ms) [Parameters=[], CommandType='Text', CommandTimeout='30']
SELECT OBJECT_ID(N'__EFMigrationsHistory');

-----------------------------------------

time:2017-09-26 09:59:36,546 
level:INFO 
logger:Microsoft.EntityFrameworkCore.Database.Command
file:? line? 
content:Executed DbCommand (1ms) [Parameters=[], CommandType='Text', CommandTimeout='30']
SELECT [MigrationId], [ProductVersion]
FROM [__EFMigrationsHistory]
ORDER BY [MigrationId];

-----------------------------------------

time:2017-09-26 09:59:36,549 
level:INFO 
logger:Microsoft.EntityFrameworkCore.Migrations
file:? line? 
content:Applying migration '20170926015922_init'.

-----------------------------------------

time:2017-09-26 09:59:36,569 
level:INFO 
logger:Microsoft.EntityFrameworkCore.Database.Command
file:? line? 
content:Executed DbCommand (4ms) [Parameters=[], CommandType='Text', CommandTimeout='30']
CREATE TABLE [user] (
    [id] bigint NOT NULL IDENTITY,
    [avatar] nvarchar(255) NULL,
    [confirmed] bit NOT NULL,
    [create_time] datetime2 NOT NULL,
    [creator_id] int NOT NULL,
    [data_state] int NOT NULL,
    [email] nvarchar(50) NULL,
    [hotel_id] int NOT NULL,
    [mobile_number] nvarchar(50) NULL,
    [nickname] nvarchar(50) NULL,
    [password] nvarchar(50) NULL,
    [update_time] datetime2 NOT NULL,
    [updater_id] int NOT NULL,
    [username] nvarchar(50) NULL,
    CONSTRAINT [PK_user] PRIMARY KEY ([id])
);

-----------------------------------------

time:2017-09-26 09:59:36,572 
level:INFO 
logger:Microsoft.EntityFrameworkCore.Database.Command
file:? line? 
content:Executed DbCommand (2ms) [Parameters=[], CommandType='Text', CommandTimeout='30']
INSERT INTO [__EFMigrationsHistory] ([MigrationId], [ProductVersion])
VALUES (N'20170926015922_init', N'2.0.0-rtm-26452');

-----------------------------------------

time:2017-09-26 10:01:54,997 
level:INFO 
logger:Microsoft.EntityFrameworkCore.Infrastructure
file:? line? 
content:Entity Framework Core 2.0.0-rtm-26452 initialized 'MainContext' using provider 'Microsoft.EntityFrameworkCore.SqlServer' with options: MigrationsAssembly=NTCore.WebFront 

-----------------------------------------

time:2017-09-26 10:02:10,906 
level:INFO 
logger:Microsoft.EntityFrameworkCore.Infrastructure
file:? line? 
content:Entity Framework Core 2.0.0-rtm-26452 initialized 'MainContext' using provider 'Microsoft.EntityFrameworkCore.SqlServer' with options: MigrationsAssembly=NTCore.WebFront 

-----------------------------------------

time:2017-09-26 10:02:10,979 
level:INFO 
logger:Microsoft.EntityFrameworkCore.Database.Command
file:? line? 
content:Executed DbCommand (5ms) [Parameters=[], CommandType='Text', CommandTimeout='30']
SELECT OBJECT_ID(N'__EFMigrationsHistory');

-----------------------------------------

time:2017-09-26 10:02:11,002 
level:INFO 
logger:Microsoft.EntityFrameworkCore.Database.Command
file:? line? 
content:Executed DbCommand (4ms) [Parameters=[], CommandType='Text', CommandTimeout='30']
CREATE TABLE [__EFMigrationsHistory] (
    [MigrationId] nvarchar(150) NOT NULL,
    [ProductVersion] nvarchar(32) NOT NULL,
    CONSTRAINT [PK___EFMigrationsHistory] PRIMARY KEY ([MigrationId])
);

-----------------------------------------

time:2017-09-26 10:02:11,004 
level:INFO 
logger:Microsoft.EntityFrameworkCore.Database.Command
file:? line? 
content:Executed DbCommand (1ms) [Parameters=[], CommandType='Text', CommandTimeout='30']
SELECT OBJECT_ID(N'__EFMigrationsHistory');

-----------------------------------------

time:2017-09-26 10:02:11,006 
level:INFO 
logger:Microsoft.EntityFrameworkCore.Database.Command
file:? line? 
content:Executed DbCommand (1ms) [Parameters=[], CommandType='Text', CommandTimeout='30']
SELECT [MigrationId], [ProductVersion]
FROM [__EFMigrationsHistory]
ORDER BY [MigrationId];

-----------------------------------------

time:2017-09-26 10:02:11,009 
level:INFO 
logger:Microsoft.EntityFrameworkCore.Migrations
file:? line? 
content:Applying migration '20170926020155_init'.

-----------------------------------------

time:2017-09-26 10:02:11,028 
level:INFO 
logger:Microsoft.EntityFrameworkCore.Database.Command
file:? line? 
content:Executed DbCommand (4ms) [Parameters=[], CommandType='Text', CommandTimeout='30']
CREATE TABLE [user] (
    [id] bigint NOT NULL IDENTITY,
    [avatar] nvarchar(255) NULL,
    [confirmed] bit NOT NULL,
    [create_time] datetime2 NOT NULL,
    [creator_id] int NOT NULL,
    [data_state] int NOT NULL,
    [email] nvarchar(50) NULL,
    [hotel_id] int NOT NULL,
    [mobile_number] nvarchar(50) NULL,
    [nickname] nvarchar(50) NULL,
    [password] nvarchar(50) NULL,
    [update_time] datetime2 NOT NULL,
    [updater_id] int NOT NULL,
    [username] nvarchar(50) NOT NULL,
    CONSTRAINT [PK_user] PRIMARY KEY ([id])
);

-----------------------------------------

time:2017-09-26 10:02:11,032 
level:INFO 
logger:Microsoft.EntityFrameworkCore.Database.Command
file:? line? 
content:Executed DbCommand (3ms) [Parameters=[], CommandType='Text', CommandTimeout='30']
INSERT INTO [__EFMigrationsHistory] ([MigrationId], [ProductVersion])
VALUES (N'20170926020155_init', N'2.0.0-rtm-26452');

-----------------------------------------

time:2017-09-26 10:12:56,142 
level:INFO 
logger:Microsoft.EntityFrameworkCore.Infrastructure
file:? line? 
content:Entity Framework Core 2.0.0-rtm-26452 initialized 'MainContext' using provider 'Microsoft.EntityFrameworkCore.SqlServer' with options: MigrationsAssembly=NTCore.WebFront 

-----------------------------------------

time:2017-09-26 10:13:14,172 
level:INFO 
logger:Microsoft.EntityFrameworkCore.Infrastructure
file:? line? 
content:Entity Framework Core 2.0.0-rtm-26452 initialized 'MainContext' using provider 'Microsoft.EntityFrameworkCore.SqlServer' with options: MigrationsAssembly=NTCore.WebFront 

-----------------------------------------

time:2017-09-26 10:13:14,233 
level:INFO 
logger:Microsoft.EntityFrameworkCore.Database.Command
file:? line? 
content:Executed DbCommand (4ms) [Parameters=[], CommandType='Text', CommandTimeout='30']
SELECT OBJECT_ID(N'__EFMigrationsHistory');

-----------------------------------------

time:2017-09-26 10:13:14,256 
level:INFO 
logger:Microsoft.EntityFrameworkCore.Database.Command
file:? line? 
content:Executed DbCommand (4ms) [Parameters=[], CommandType='Text', CommandTimeout='30']
CREATE TABLE [__EFMigrationsHistory] (
    [MigrationId] nvarchar(150) NOT NULL,
    [ProductVersion] nvarchar(32) NOT NULL,
    CONSTRAINT [PK___EFMigrationsHistory] PRIMARY KEY ([MigrationId])
);

-----------------------------------------

time:2017-09-26 10:13:14,262 
level:INFO 
logger:Microsoft.EntityFrameworkCore.Database.Command
file:? line? 
content:Executed DbCommand (6ms) [Parameters=[], CommandType='Text', CommandTimeout='30']
SELECT OBJECT_ID(N'__EFMigrationsHistory');

-----------------------------------------

time:2017-09-26 10:13:14,266 
level:INFO 
logger:Microsoft.EntityFrameworkCore.Database.Command
file:? line? 
content:Executed DbCommand (2ms) [Parameters=[], CommandType='Text', CommandTimeout='30']
SELECT [MigrationId], [ProductVersion]
FROM [__EFMigrationsHistory]
ORDER BY [MigrationId];

-----------------------------------------

time:2017-09-26 10:13:14,268 
level:INFO 
logger:Microsoft.EntityFrameworkCore.Migrations
file:? line? 
content:Applying migration '20170926021256_init'.

-----------------------------------------

time:2017-09-26 10:13:14,285 
level:INFO 
logger:Microsoft.EntityFrameworkCore.Database.Command
file:? line? 
content:Executed DbCommand (3ms) [Parameters=[], CommandType='Text', CommandTimeout='30']
CREATE TABLE [user] (
    [id] int NOT NULL IDENTITY,
    [avatar] nvarchar(255) NOT NULL,
    [confirmed] bit NOT NULL,
    [create_time] datetime2 NOT NULL,
    [creator_id] int NOT NULL,
    [data_state] int NOT NULL,
    [email] nvarchar(50) NOT NULL,
    [hotel_id] int NOT NULL,
    [mobile_number] nvarchar(50) NOT NULL,
    [nickname] nvarchar(50) NOT NULL,
    [password] nvarchar(50) NOT NULL,
    [update_time] datetime2 NOT NULL,
    [updater_id] int NOT NULL,
    [username] varchar(32) NOT NULL,
    CONSTRAINT [PK_user] PRIMARY KEY ([id])
);

-----------------------------------------

time:2017-09-26 10:13:14,288 
level:INFO 
logger:Microsoft.EntityFrameworkCore.Database.Command
file:? line? 
content:Executed DbCommand (2ms) [Parameters=[], CommandType='Text', CommandTimeout='30']
INSERT INTO [__EFMigrationsHistory] ([MigrationId], [ProductVersion])
VALUES (N'20170926021256_init', N'2.0.0-rtm-26452');
