
-----------------------------------------

time:2017-10-19 15:36:06,156 
level:INFO 
logger:Microsoft.EntityFrameworkCore.Infrastructure
file:? line? 
content:Entity Framework Core 2.0.0-rtm-26452 initialized 'MainContext' using provider 'Microsoft.EntityFrameworkCore.SqlServer' with options: MigrationsAssembly=NTCore.WebFront 

-----------------------------------------

time:2017-10-19 15:43:58,002 
level:INFO 
logger:Microsoft.EntityFrameworkCore.Infrastructure
file:? line? 
content:Entity Framework Core 2.0.0-rtm-26452 initialized 'MainContext' using provider 'Microsoft.EntityFrameworkCore.SqlServer' with options: MigrationsAssembly=NTCore.WebFront 

-----------------------------------------

time:2017-10-19 15:44:47,923 
level:INFO 
logger:Microsoft.EntityFrameworkCore.Infrastructure
file:? line? 
content:Entity Framework Core 2.0.0-rtm-26452 initialized 'MainContext' using provider 'Microsoft.EntityFrameworkCore.SqlServer' with options: MigrationsAssembly=NTCore.WebFront 

-----------------------------------------

time:2017-10-19 15:44:48,118 
level:INFO 
logger:Microsoft.EntityFrameworkCore.Database.Command
file:? line? 
content:Executed DbCommand (5ms) [Parameters=[], CommandType='Text', CommandTimeout='30']
SELECT OBJECT_ID(N'__EFMigrationsHistory');

-----------------------------------------

time:2017-10-19 15:44:48,120 
level:INFO 
logger:Microsoft.EntityFrameworkCore.Database.Command
file:? line? 
content:Executed DbCommand (1ms) [Parameters=[], CommandType='Text', CommandTimeout='30']
SELECT OBJECT_ID(N'__EFMigrationsHistory');

-----------------------------------------

time:2017-10-19 15:44:48,124 
level:INFO 
logger:Microsoft.EntityFrameworkCore.Database.Command
file:? line? 
content:Executed DbCommand (0ms) [Parameters=[], CommandType='Text', CommandTimeout='30']
SELECT [MigrationId], [ProductVersion]
FROM [__EFMigrationsHistory]
ORDER BY [MigrationId];

-----------------------------------------

time:2017-10-19 15:44:48,127 
level:INFO 
logger:Microsoft.EntityFrameworkCore.Migrations
file:? line? 
content:Applying migration '20171019073606_db_init'.

-----------------------------------------

time:2017-10-19 15:44:48,161 
level:INFO 
logger:Microsoft.EntityFrameworkCore.Database.Command
file:? line? 
content:Executed DbCommand (14ms) [Parameters=[], CommandType='Text', CommandTimeout='30']
DECLARE @var0 sysname;
SELECT @var0 = [d].[name]
FROM [sys].[default_constraints] [d]
INNER JOIN [sys].[columns] [c] ON [d].[parent_column_id] = [c].[column_id] AND [d].[parent_object_id] = [c].[object_id]
WHERE ([d].[parent_object_id] = OBJECT_ID(N'user') AND [c].[name] = N'username');
IF @var0 IS NOT NULL EXEC(N'ALTER TABLE [user] DROP CONSTRAINT [' + @var0 + '];');
ALTER TABLE [user] ALTER COLUMN [username] varchar(50) NOT NULL;

-----------------------------------------

time:2017-10-19 15:44:48,173 
level:INFO 
logger:Microsoft.EntityFrameworkCore.Database.Command
file:? line? 
content:Executed DbCommand (11ms) [Parameters=[], CommandType='Text', CommandTimeout='30']
DECLARE @var1 sysname;
SELECT @var1 = [d].[name]
FROM [sys].[default_constraints] [d]
INNER JOIN [sys].[columns] [c] ON [d].[parent_column_id] = [c].[column_id] AND [d].[parent_object_id] = [c].[object_id]
WHERE ([d].[parent_object_id] = OBJECT_ID(N'user') AND [c].[name] = N'password');
IF @var1 IS NOT NULL EXEC(N'ALTER TABLE [user] DROP CONSTRAINT [' + @var1 + '];');
ALTER TABLE [user] ALTER COLUMN [password] varchar(50) NOT NULL;

-----------------------------------------

time:2017-10-19 15:44:48,185 
level:INFO 
logger:Microsoft.EntityFrameworkCore.Database.Command
file:? line? 
content:Executed DbCommand (11ms) [Parameters=[], CommandType='Text', CommandTimeout='30']
DECLARE @var2 sysname;
SELECT @var2 = [d].[name]
FROM [sys].[default_constraints] [d]
INNER JOIN [sys].[columns] [c] ON [d].[parent_column_id] = [c].[column_id] AND [d].[parent_object_id] = [c].[object_id]
WHERE ([d].[parent_object_id] = OBJECT_ID(N'user') AND [c].[name] = N'mobile_number');
IF @var2 IS NOT NULL EXEC(N'ALTER TABLE [user] DROP CONSTRAINT [' + @var2 + '];');
ALTER TABLE [user] ALTER COLUMN [mobile_number] varchar(50) NOT NULL;

-----------------------------------------

time:2017-10-19 15:44:48,196 
level:INFO 
logger:Microsoft.EntityFrameworkCore.Database.Command
file:? line? 
content:Executed DbCommand (10ms) [Parameters=[], CommandType='Text', CommandTimeout='30']
DECLARE @var3 sysname;
SELECT @var3 = [d].[name]
FROM [sys].[default_constraints] [d]
INNER JOIN [sys].[columns] [c] ON [d].[parent_column_id] = [c].[column_id] AND [d].[parent_object_id] = [c].[object_id]
WHERE ([d].[parent_object_id] = OBJECT_ID(N'user') AND [c].[name] = N'email');
IF @var3 IS NOT NULL EXEC(N'ALTER TABLE [user] DROP CONSTRAINT [' + @var3 + '];');
ALTER TABLE [user] ALTER COLUMN [email] varchar(100) NOT NULL;

-----------------------------------------

time:2017-10-19 15:44:48,207 
level:INFO 
logger:Microsoft.EntityFrameworkCore.Database.Command
file:? line? 
content:Executed DbCommand (11ms) [Parameters=[], CommandType='Text', CommandTimeout='30']
DECLARE @var4 sysname;
SELECT @var4 = [d].[name]
FROM [sys].[default_constraints] [d]
INNER JOIN [sys].[columns] [c] ON [d].[parent_column_id] = [c].[column_id] AND [d].[parent_object_id] = [c].[object_id]
WHERE ([d].[parent_object_id] = OBJECT_ID(N'user') AND [c].[name] = N'avatar');
IF @var4 IS NOT NULL EXEC(N'ALTER TABLE [user] DROP CONSTRAINT [' + @var4 + '];');
ALTER TABLE [user] ALTER COLUMN [avatar] varchar(255) NOT NULL;

-----------------------------------------

time:2017-10-19 15:44:48,210 
level:INFO 
logger:Microsoft.EntityFrameworkCore.Database.Command
file:? line? 
content:Executed DbCommand (2ms) [Parameters=[], CommandType='Text', CommandTimeout='30']
ALTER TABLE [user] ADD [auth_type] tinyint NOT NULL DEFAULT 0;

-----------------------------------------

time:2017-10-19 15:44:48,212 
level:INFO 
logger:Microsoft.EntityFrameworkCore.Database.Command
file:? line? 
content:Executed DbCommand (2ms) [Parameters=[], CommandType='Text', CommandTimeout='30']
ALTER TABLE [user] ADD [employee_number] varchar(30) NOT NULL DEFAULT N'';

-----------------------------------------

time:2017-10-19 15:44:48,216 
level:INFO 
logger:Microsoft.EntityFrameworkCore.Database.Command
file:? line? 
content:Executed DbCommand (4ms) [Parameters=[], CommandType='Text', CommandTimeout='30']
CREATE TABLE [hotel] (
    [id] int NOT NULL IDENTITY,
    [appid] varchar(50) NOT NULL,
    [appkey] varchar(50) NOT NULL,
    [background] varchar(255) NOT NULL,
    [create_time] datetime2 NOT NULL,
    [creator_id] int NOT NULL,
    [data_state] int NOT NULL,
    [hotel_code] varchar(50) NOT NULL,
    [hotel_name] nvarchar(50) NOT NULL,
    [interface_url] varchar(255) NOT NULL,
    [product_id] int NOT NULL,
    [update_time] datetime2 NOT NULL,
    [updater_id] int NOT NULL,
    CONSTRAINT [PK_hotel] PRIMARY KEY ([id])
);

-----------------------------------------

time:2017-10-19 15:44:48,217 
level:INFO 
logger:Microsoft.EntityFrameworkCore.Database.Command
file:? line? 
content:Executed DbCommand (1ms) [Parameters=[], CommandType='Text', CommandTimeout='30']
INSERT INTO [__EFMigrationsHistory] ([MigrationId], [ProductVersion])
VALUES (N'20171019073606_db_init', N'2.0.0-rtm-26452');

-----------------------------------------

time:2017-10-19 15:44:48,219 
level:INFO 
logger:Microsoft.EntityFrameworkCore.Migrations
file:? line? 
content:Applying migration '20171019074358_db_init2'.

-----------------------------------------

time:2017-10-19 15:44:48,287 
level:INFO 
logger:Microsoft.EntityFrameworkCore.Database.Command
file:? line? 
content:Executed DbCommand (3ms) [Parameters=[], CommandType='Text', CommandTimeout='30']
CREATE TABLE [action_record] (
    [id] int NOT NULL IDENTITY,
    [create_time] datetime2 NOT NULL,
    [creator_id] int NOT NULL,
    [data_state] int NOT NULL,
    [data_type] int NOT NULL,
    [hotel_id] int NOT NULL,
    [content_text] nvarchar(2000) NOT NULL,
    [typeid] varchar(30) NOT NULL,
    [update_time] datetime2 NOT NULL,
    [updater_id] int NOT NULL,
    CONSTRAINT [PK_action_record] PRIMARY KEY ([id])
);

-----------------------------------------

time:2017-10-19 15:44:48,290 
level:INFO 
logger:Microsoft.EntityFrameworkCore.Database.Command
file:? line? 
content:Executed DbCommand (2ms) [Parameters=[], CommandType='Text', CommandTimeout='30']
CREATE TABLE [customer_request] (
    [id] int NOT NULL IDENTITY,
    [assign_userid] int NOT NULL,
    [create_time] datetime2 NOT NULL,
    [creator_id] int NOT NULL,
    [data_state] int NOT NULL,
    [expect_time] datetime2 NOT NULL,
    [finish_status] int NOT NULL,
    [hotel_id] int NOT NULL,
    [message_text] nvarchar(2000) NOT NULL,
    [room_number] varchar(30) NOT NULL,
    [update_time] datetime2 NOT NULL,
    [updater_id] int NOT NULL,
    CONSTRAINT [PK_customer_request] PRIMARY KEY ([id])
);

-----------------------------------------

time:2017-10-19 15:44:48,293 
level:INFO 
logger:Microsoft.EntityFrameworkCore.Database.Command
file:? line? 
content:Executed DbCommand (3ms) [Parameters=[], CommandType='Text', CommandTimeout='30']
CREATE TABLE [customer_request_define] (
    [id] int NOT NULL IDENTITY,
    [create_time] datetime2 NOT NULL,
    [creator_id] int NOT NULL,
    [data_code] varchar(30) NOT NULL,
    [data_name] nvarchar(30) NOT NULL,
    [data_note] nvarchar(2000) NOT NULL,
    [data_sort] int NOT NULL,
    [data_state] int NOT NULL,
    [data_type] int NOT NULL,
    [hotel_id] int NOT NULL,
    [update_time] datetime2 NOT NULL,
    [updater_id] int NOT NULL,
    CONSTRAINT [PK_customer_request_define] PRIMARY KEY ([id])
);

-----------------------------------------

time:2017-10-19 15:44:48,296 
level:INFO 
logger:Microsoft.EntityFrameworkCore.Database.Command
file:? line? 
content:Executed DbCommand (2ms) [Parameters=[], CommandType='Text', CommandTimeout='30']
CREATE TABLE [customer_request_item] (
    [id] int NOT NULL IDENTITY,
    [create_time] datetime2 NOT NULL,
    [creator_id] int NOT NULL,
    [customer_request_define_id] int NOT NULL,
    [customer_request_id] int NOT NULL,
    [data_state] int NOT NULL,
    [hotel_id] int NOT NULL,
    [quantity] int NOT NULL,
    [update_time] datetime2 NOT NULL,
    [updater_id] int NOT NULL,
    CONSTRAINT [PK_customer_request_item] PRIMARY KEY ([id])
);

-----------------------------------------

time:2017-10-19 15:44:48,298 
level:INFO 
logger:Microsoft.EntityFrameworkCore.Database.Command
file:? line? 
content:Executed DbCommand (2ms) [Parameters=[], CommandType='Text', CommandTimeout='30']
CREATE TABLE [hotel_role] (
    [id] int NOT NULL IDENTITY,
    [create_time] datetime2 NOT NULL,
    [creator_id] int NOT NULL,
    [data_state] int NOT NULL,
    [hotel_id] int NOT NULL,
    [role_name] int NOT NULL,
    [update_time] datetime2 NOT NULL,
    [updater_id] int NOT NULL,
    CONSTRAINT [PK_hotel_role] PRIMARY KEY ([id])
);

-----------------------------------------

time:2017-10-19 15:44:48,302 
level:INFO 
logger:Microsoft.EntityFrameworkCore.Database.Command
file:? line? 
content:Executed DbCommand (3ms) [Parameters=[], CommandType='Text', CommandTimeout='30']
CREATE TABLE [hotel_room] (
    [id] int NOT NULL IDENTITY,
    [create_time] datetime2 NOT NULL,
    [creator_id] int NOT NULL,
    [data_state] int NOT NULL,
    [hotel_id] int NOT NULL,
    [is_checked] bit NOT NULL,
    [is_due_in] bit NOT NULL,
    [is_due_out] bit NOT NULL,
    [pms_room_number] varchar(30) NOT NULL,
    [room_number] nvarchar(30) NOT NULL,
    [room_status] varchar(30) NOT NULL,
    [room_type_code] varchar(30) NOT NULL,
    [update_time] datetime2 NOT NULL,
    [updater_id] int NOT NULL,
    CONSTRAINT [PK_hotel_room] PRIMARY KEY ([id])
);

-----------------------------------------

time:2017-10-19 15:44:48,304 
level:INFO 
logger:Microsoft.EntityFrameworkCore.Database.Command
file:? line? 
content:Executed DbCommand (2ms) [Parameters=[], CommandType='Text', CommandTimeout='30']
CREATE TABLE [hotel_user] (
    [id] int NOT NULL IDENTITY,
    [create_time] datetime2 NOT NULL,
    [creator_id] int NOT NULL,
    [data_state] int NOT NULL,
    [hotel_id] int NOT NULL,
    [roleid] int NOT NULL,
    [update_time] datetime2 NOT NULL,
    [updater_id] int NOT NULL,
    [userid] int NOT NULL,
    CONSTRAINT [PK_hotel_user] PRIMARY KEY ([id])
);

-----------------------------------------

time:2017-10-19 15:44:48,307 
level:INFO 
logger:Microsoft.EntityFrameworkCore.Database.Command
file:? line? 
content:Executed DbCommand (2ms) [Parameters=[], CommandType='Text', CommandTimeout='30']
CREATE TABLE [minibar_consume] (
    [id] int NOT NULL IDENTITY,
    [create_time] datetime2 NOT NULL,
    [creator_id] int NOT NULL,
    [data_state] int NOT NULL,
    [finish_status] int NOT NULL,
    [hotel_id] int NOT NULL,
    [is_closed] bit NOT NULL,
    [room_number] varchar(30) NOT NULL,
    [total_price] decimal(12,2) NOT NULL,
    [update_time] datetime2 NOT NULL,
    [updater_id] int NOT NULL,
    CONSTRAINT [PK_minibar_consume] PRIMARY KEY ([id])
);

-----------------------------------------

time:2017-10-19 15:44:48,310 
level:INFO 
logger:Microsoft.EntityFrameworkCore.Database.Command
file:? line? 
content:Executed DbCommand (2ms) [Parameters=[], CommandType='Text', CommandTimeout='30']
CREATE TABLE [minibar_cunsume_item] (
    [id] int NOT NULL IDENTITY,
    [create_time] datetime2 NOT NULL,
    [creator_id] int NOT NULL,
    [data_state] int NOT NULL,
    [hotel_id] int NOT NULL,
    [minibar_consume_id] int NOT NULL,
    [minibar_product_id] int NOT NULL,
    [product_price] decimal(10,2) NOT NULL,
    [quantity] int NOT NULL,
    [update_time] datetime2 NOT NULL,
    [updater_id] int NOT NULL,
    CONSTRAINT [PK_minibar_cunsume_item] PRIMARY KEY ([id])
);

-----------------------------------------

time:2017-10-19 15:44:48,312 
level:INFO 
logger:Microsoft.EntityFrameworkCore.Database.Command
file:? line? 
content:Executed DbCommand (2ms) [Parameters=[], CommandType='Text', CommandTimeout='30']
CREATE TABLE [minibar_product] (
    [id] int NOT NULL IDENTITY,
    [create_time] datetime2 NOT NULL,
    [creator_id] int NOT NULL,
    [data_state] int NOT NULL,
    [hotel_id] int NOT NULL,
    [minibar_id] int NOT NULL,
    [package_count] int NOT NULL,
    [product_code] varchar(20) NOT NULL,
    [product_name] nvarchar(50) NOT NULL,
    [product_price] decimal(10,2) NOT NULL,
    [unit_name] nvarchar(20) NOT NULL,
    [update_time] datetime2 NOT NULL,
    [updater_id] int NOT NULL,
    CONSTRAINT [PK_minibar_product] PRIMARY KEY ([id])
);

-----------------------------------------

time:2017-10-19 15:44:48,314 
level:INFO 
logger:Microsoft.EntityFrameworkCore.Database.Command
file:? line? 
content:Executed DbCommand (2ms) [Parameters=[], CommandType='Text', CommandTimeout='30']
CREATE TABLE [minibar_type] (
    [id] int NOT NULL IDENTITY,
    [create_time] datetime2 NOT NULL,
    [creator_id] int NOT NULL,
    [data_state] int NOT NULL,
    [hotel_id] int NOT NULL,
    [minibar_name] nvarchar(30) NOT NULL,
    [update_time] datetime2 NOT NULL,
    [updater_id] int NOT NULL,
    CONSTRAINT [PK_minibar_type] PRIMARY KEY ([id])
);

-----------------------------------------

time:2017-10-19 15:44:48,317 
level:INFO 
logger:Microsoft.EntityFrameworkCore.Database.Command
file:? line? 
content:Executed DbCommand (2ms) [Parameters=[], CommandType='Text', CommandTimeout='30']
CREATE TABLE [pms_product_define] (
    [id] int NOT NULL IDENTITY,
    [appid] varchar(50) NOT NULL,
    [appkey] varchar(50) NOT NULL,
    [create_time] datetime2 NOT NULL,
    [creator_id] int NOT NULL,
    [data_state] int NOT NULL,
    [product_name] nvarchar(30) NOT NULL,
    [source] nvarchar(30) NOT NULL,
    [update_time] datetime2 NOT NULL,
    [updater_id] int NOT NULL,
    CONSTRAINT [PK_pms_product_define] PRIMARY KEY ([id])
);

-----------------------------------------

time:2017-10-19 15:44:48,320 
level:INFO 
logger:Microsoft.EntityFrameworkCore.Database.Command
file:? line? 
content:Executed DbCommand (2ms) [Parameters=[], CommandType='Text', CommandTimeout='30']
CREATE TABLE [room_minibar] (
    [id] int NOT NULL IDENTITY,
    [create_time] datetime2 NOT NULL,
    [creator_id] int NOT NULL,
    [data_state] int NOT NULL,
    [hotel_id] int NOT NULL,
    [minibar_id] int NOT NULL,
    [room_number] varchar(30) NOT NULL,
    [update_time] datetime2 NOT NULL,
    [updater_id] int NOT NULL,
    CONSTRAINT [PK_room_minibar] PRIMARY KEY ([id])
);

-----------------------------------------

time:2017-10-19 15:44:48,322 
level:INFO 
logger:Microsoft.EntityFrameworkCore.Database.Command
file:? line? 
content:Executed DbCommand (2ms) [Parameters=[], CommandType='Text', CommandTimeout='30']
CREATE TABLE [room_product_package] (
    [id] int NOT NULL IDENTITY,
    [create_time] datetime2 NOT NULL,
    [creator_id] int NOT NULL,
    [data_state] int NOT NULL,
    [hotel_id] int NOT NULL,
    [minibar_product_id] int NOT NULL,
    [package_code] varchar(30) NOT NULL,
    [package_count] int NOT NULL,
    [package_price] decimal(12,2) NOT NULL,
    [update_time] datetime2 NOT NULL,
    [updater_id] int NOT NULL,
    CONSTRAINT [PK_room_product_package] PRIMARY KEY ([id])
);

-----------------------------------------

time:2017-10-19 15:44:48,326 
level:INFO 
logger:Microsoft.EntityFrameworkCore.Database.Command
file:? line? 
content:Executed DbCommand (3ms) [Parameters=[], CommandType='Text', CommandTimeout='30']
CREATE TABLE [rowhouse] (
    [id] int NOT NULL IDENTITY,
    [assign_time] datetime2 NOT NULL,
    [coeffcient] decimal(10,2) NOT NULL,
    [create_time] datetime2 NOT NULL,
    [creator_id] int NOT NULL,
    [data_state] int NOT NULL,
    [hotel_id] int NOT NULL,
    [room_number] varchar(30) NOT NULL,
    [room_status] varchar(30) NOT NULL,
    [update_time] datetime2 NOT NULL,
    [updater_id] int NOT NULL,
    [userid] int NOT NULL,
    CONSTRAINT [PK_rowhouse] PRIMARY KEY ([id])
);

-----------------------------------------

time:2017-10-19 15:44:48,329 
level:INFO 
logger:Microsoft.EntityFrameworkCore.Database.Command
file:? line? 
content:Executed DbCommand (2ms) [Parameters=[], CommandType='Text', CommandTimeout='30']
CREATE TABLE [rowhouse_history] (
    [id] int NOT NULL IDENTITY,
    [coefficient] decimal(10,2) NOT NULL,
    [create_time] datetime2 NOT NULL,
    [creator_id] int NOT NULL,
    [data_state] int NOT NULL,
    [deadline] datetime2 NOT NULL,
    [fromtime] datetime2 NOT NULL,
    [hotel_id] int NOT NULL,
    [room_number] varchar(30) NOT NULL,
    [update_time] datetime2 NOT NULL,
    [updater_id] int NOT NULL,
    [userid] int NOT NULL,
    CONSTRAINT [PK_rowhouse_history] PRIMARY KEY ([id])
);

-----------------------------------------

time:2017-10-19 15:44:48,331 
level:INFO 
logger:Microsoft.EntityFrameworkCore.Database.Command
file:? line? 
content:Executed DbCommand (2ms) [Parameters=[], CommandType='Text', CommandTimeout='30']
CREATE TABLE [user_group] (
    [id] int NOT NULL IDENTITY,
    [create_time] datetime2 NOT NULL,
    [creator_id] int NOT NULL,
    [data_state] int NOT NULL,
    [group_name] nvarchar(30) NOT NULL,
    [hotel_id] int NOT NULL,
    [update_time] datetime2 NOT NULL,
    [updater_id] int NOT NULL,
    CONSTRAINT [PK_user_group] PRIMARY KEY ([id])
);

-----------------------------------------

time:2017-10-19 15:44:48,334 
level:INFO 
logger:Microsoft.EntityFrameworkCore.Database.Command
file:? line? 
content:Executed DbCommand (2ms) [Parameters=[], CommandType='Text', CommandTimeout='30']
CREATE TABLE [user_group_member] (
    [id] int NOT NULL IDENTITY,
    [create_time] datetime2 NOT NULL,
    [creator_id] int NOT NULL,
    [data_state] int NOT NULL,
    [group_id] int NOT NULL,
    [hotel_id] int NOT NULL,
    [update_time] datetime2 NOT NULL,
    [updater_id] int NOT NULL,
    [userid] int NOT NULL,
    CONSTRAINT [PK_user_group_member] PRIMARY KEY ([id])
);

-----------------------------------------

time:2017-10-19 15:44:48,336 
level:INFO 
logger:Microsoft.EntityFrameworkCore.Database.Command
file:? line? 
content:Executed DbCommand (2ms) [Parameters=[], CommandType='Text', CommandTimeout='30']
CREATE TABLE [verification_code] (
    [id] int NOT NULL IDENTITY,
    [create_time] datetime2 NOT NULL,
    [creator_id] int NOT NULL,
    [data_state] int NOT NULL,
    [hotel_id] int NOT NULL,
    [mobile_number] varchar(30) NOT NULL,
    [request_id] varchar(30) NOT NULL,
    [send_status] int NOT NULL,
    [update_time] datetime2 NOT NULL,
    [updater_id] int NOT NULL,
    [verify_code] varchar(30) NOT NULL,
    CONSTRAINT [PK_verification_code] PRIMARY KEY ([id])
);

-----------------------------------------

time:2017-10-19 15:44:48,339 
level:INFO 
logger:Microsoft.EntityFrameworkCore.Database.Command
file:? line? 
content:Executed DbCommand (2ms) [Parameters=[], CommandType='Text', CommandTimeout='30']
CREATE TABLE [welcome_plan] (
    [id] int NOT NULL IDENTITY,
    [create_time] datetime2 NOT NULL,
    [creator_id] int NOT NULL,
    [data_state] int NOT NULL,
    [deadline] datetime2 NOT NULL,
    [fromtime] datetime2 NOT NULL,
    [hotel_id] int NOT NULL,
    [specific_day] int NOT NULL,
    [update_time] datetime2 NOT NULL,
    [updater_id] int NOT NULL,
    [welcome_text] nvarchar(2000) NOT NULL,
    CONSTRAINT [PK_welcome_plan] PRIMARY KEY ([id])
);

-----------------------------------------

time:2017-10-19 15:44:48,343 
level:INFO 
logger:Microsoft.EntityFrameworkCore.Database.Command
file:? line? 
content:Executed DbCommand (3ms) [Parameters=[], CommandType='Text', CommandTimeout='30']
CREATE TABLE [workload] (
    [id] int NOT NULL IDENTITY,
    [check_time] datetime2 NOT NULL,
    [check_userid] int NOT NULL,
    [coeffcient] decimal(10,2) NOT NULL,
    [create_time] datetime2 NOT NULL,
    [creator_id] int NOT NULL,
    [data_state] int NOT NULL,
    [endto_status] varchar(30) NOT NULL,
    [finish_status] int NOT NULL,
    [finish_time] datetime2 NOT NULL,
    [from_status] varchar(30) NOT NULL,
    [hotel_id] int NOT NULL,
    [is_checked] bit NOT NULL,
    [message_text] nvarchar(2000) NOT NULL,
    [room_number] varchar(30) NOT NULL,
    [start_time] datetime2 NOT NULL,
    [update_time] datetime2 NOT NULL,
    [updater_id] int NOT NULL,
    [userid] int NOT NULL,
    [work_type] int NOT NULL,
    CONSTRAINT [PK_workload] PRIMARY KEY ([id])
);

-----------------------------------------

time:2017-10-19 15:44:48,344 
level:INFO 
logger:Microsoft.EntityFrameworkCore.Database.Command
file:? line? 
content:Executed DbCommand (0ms) [Parameters=[], CommandType='Text', CommandTimeout='30']
INSERT INTO [__EFMigrationsHistory] ([MigrationId], [ProductVersion])
VALUES (N'20171019074358_db_init2', N'2.0.0-rtm-26452');

-----------------------------------------

time:2017-10-19 15:51:10,544 
level:INFO 
logger:Microsoft.EntityFrameworkCore.Infrastructure
file:? line? 
content:Entity Framework Core 2.0.0-rtm-26452 initialized 'MainContext' using provider 'Microsoft.EntityFrameworkCore.SqlServer' with options: MigrationsAssembly=NTCore.WebFront 
