
-----------------------------------------

time:2017-11-01 10:11:46,133 
level:INFO 
logger:Microsoft.AspNetCore.Hosting.Internal.WebHost
file:? line? 
content:Request starting HTTP/1.1 GET http://localhost:57942/passport/auto-login  

-----------------------------------------

time:2017-11-01 10:11:46,579 
level:INFO 
logger:Microsoft.AspNetCore.Authentication.Cookies.CookieAuthenticationHandler
file:? line? 
content:AuthenticationScheme: AuthenticationScheme was successfully authenticated.

-----------------------------------------

time:2017-11-01 10:11:49,755 
level:ERROR 
logger:Microsoft.AspNetCore.Diagnostics.DeveloperExceptionPageMiddleware
file:? line? 
content:An unhandled exception has occurred while executing the request
System.InvalidOperationException: A suitable constructor for type 'NTCore.WebFront.Controllers.PassportController' could not be located. Ensure the type is concrete and services are registered for all parameters of a public constructor.
   at Microsoft.Extensions.Internal.ActivatorUtilities.FindApplicableConstructor(Type instanceType, Type[] argumentTypes, ConstructorInfo& matchingConstructor, Nullable`1[]& parameterMap)
   at Microsoft.Extensions.Internal.ActivatorUtilities.CreateFactory(Type instanceType, Type[] argumentTypes)
   at Microsoft.Extensions.DependencyInjection.ActivatorUtilities.CreateFactory(Type instanceType, Type[] argumentTypes)
   at Microsoft.AspNetCore.Mvc.Controllers.ControllerActivatorProvider.CreateActivator(ControllerActionDescriptor descriptor)
   at Microsoft.AspNetCore.Mvc.Controllers.ControllerFactoryProvider.CreateControllerFactory(ControllerActionDescriptor descriptor)
   at Microsoft.AspNetCore.Mvc.Internal.ControllerActionInvokerCache.GetCachedResult(ControllerContext controllerContext)
   at Microsoft.AspNetCore.Mvc.Internal.ControllerActionInvokerProvider.OnProvidersExecuting(ActionInvokerProviderContext context)
   at Microsoft.AspNetCore.Mvc.Internal.ActionInvokerFactory.CreateInvoker(ActionContext actionContext)
   at Microsoft.AspNetCore.Mvc.Internal.MvcAttributeRouteHandler.<>c__DisplayClass12_0.<RouteAsync>b__0(HttpContext c)
   at Microsoft.AspNetCore.Builder.RouterMiddleware.<Invoke>d__4.MoveNext()
--- End of stack trace from previous location where exception was thrown ---
   at System.Runtime.ExceptionServices.ExceptionDispatchInfo.Throw()
   at System.Runtime.CompilerServices.TaskAwaiter.HandleNonSuccessAndDebuggerNotification(Task task)
   at Microsoft.AspNetCore.Authentication.AuthenticationMiddleware.<Invoke>d__6.MoveNext()
--- End of stack trace from previous location where exception was thrown ---
   at System.Runtime.ExceptionServices.ExceptionDispatchInfo.Throw()
   at System.Runtime.CompilerServices.TaskAwaiter.HandleNonSuccessAndDebuggerNotification(Task task)
   at Microsoft.AspNetCore.Diagnostics.DeveloperExceptionPageMiddleware.<Invoke>d__7.MoveNext()

-----------------------------------------

time:2017-11-01 10:11:49,895 
level:INFO 
logger:Microsoft.AspNetCore.Hosting.Internal.WebHost
file:? line? 
content:Request finished in 3749.7832ms 500 text/html; charset=utf-8

-----------------------------------------

time:2017-11-01 10:11:49,905 
level:INFO 
logger:Microsoft.AspNetCore.Hosting.Internal.WebHost
file:? line? 
content:Request starting HTTP/1.1 GET http://localhost:57942/favicon.ico  

-----------------------------------------

time:2017-11-01 10:11:49,912 
level:INFO 
logger:Microsoft.AspNetCore.Authentication.Cookies.CookieAuthenticationHandler
file:? line? 
content:AuthenticationScheme: AuthenticationScheme was successfully authenticated.

-----------------------------------------

time:2017-11-01 10:11:49,926 
level:INFO 
logger:Microsoft.AspNetCore.Hosting.Internal.WebHost
file:? line? 
content:Request finished in 13.7726ms 404 

-----------------------------------------

time:2017-11-01 10:15:49,077 
level:INFO 
logger:Microsoft.AspNetCore.Hosting.Internal.WebHost
file:? line? 
content:Request starting HTTP/1.1 GET http://localhost:57942/passport/auto-login  

-----------------------------------------

time:2017-11-01 10:15:49,181 
level:INFO 
logger:Microsoft.AspNetCore.Authentication.Cookies.CookieAuthenticationHandler
file:? line? 
content:AuthenticationScheme: AuthenticationScheme was successfully authenticated.

-----------------------------------------

time:2017-11-01 10:15:51,708 
level:INFO 
logger:Microsoft.AspNetCore.Mvc.Internal.ControllerActionInvoker
file:? line? 
content:Executing action method NTCore.WebFront.Controllers.PassportController.AutoLogin (NTCore.WebFront) with arguments ((null)) - ModelState is Valid

-----------------------------------------

time:2017-11-01 10:15:58,430 
level:INFO 
logger:Microsoft.EntityFrameworkCore.Infrastructure
file:? line? 
content:Entity Framework Core 2.0.0-rtm-26452 initialized 'MainContext' using provider 'Microsoft.EntityFrameworkCore.SqlServer' with options: None

-----------------------------------------

time:2017-11-01 10:15:58,495 
level:WARN 
logger:Microsoft.EntityFrameworkCore.Query
file:? line? 
content:Query: '(from UserInfo <generated>_1 in DbSet<UserInfo> select [<generated>_1]).FirstOrDefault()' uses First/FirstOrDefault operation without OrderBy and filter which may lead to unpredictable results.

-----------------------------------------

time:2017-11-01 10:15:58,772 
level:INFO 
logger:Microsoft.EntityFrameworkCore.Database.Command
file:? line? 
content:Executed DbCommand (49ms) [Parameters=[], CommandType='Text', CommandTimeout='30']
SELECT TOP(1) [u].[id], [u].[auth_type], [u].[avatar], [u].[confirmed], [u].[create_time], [u].[creator_id], [u].[data_state], [u].[email], [u].[employee_number], [u].[hotel_id], [u].[mobile_number], [u].[nickname], [u].[password], [u].[update_time], [u].[updater_id], [u].[username]
FROM [user] AS [u]
WHERE [u].[data_state] = 1

-----------------------------------------

time:2017-11-01 10:15:58,828 
level:INFO 
logger:Microsoft.AspNetCore.Authentication.Cookies.CookieAuthenticationHandler
file:? line? 
content:AuthenticationScheme: AuthenticationScheme signed in.

-----------------------------------------

time:2017-11-01 10:15:58,837 
level:INFO 
logger:Microsoft.AspNetCore.Mvc.Formatters.Json.Internal.JsonResultExecutor
file:? line? 
content:Executing JsonResult, writing value System.String[].

-----------------------------------------

time:2017-11-01 10:15:58,908 
level:INFO 
logger:Microsoft.AspNetCore.Mvc.Internal.ControllerActionInvoker
file:? line? 
content:Executed action NTCore.WebFront.Controllers.PassportController.AutoLogin (NTCore.WebFront) in 7348.8355ms

-----------------------------------------

time:2017-11-01 10:15:58,925 
level:INFO 
logger:Microsoft.AspNetCore.Hosting.Internal.WebHost
file:? line? 
content:Request finished in 9851.7053ms 200 application/json; charset=utf-8

-----------------------------------------

time:2017-11-01 10:15:58,944 
level:INFO 
logger:Microsoft.AspNetCore.Hosting.Internal.WebHost
file:? line? 
content:Request starting HTTP/1.1 GET http://localhost:57942/favicon.ico  

-----------------------------------------

time:2017-11-01 10:15:58,948 
level:INFO 
logger:Microsoft.AspNetCore.Authentication.Cookies.CookieAuthenticationHandler
file:? line? 
content:AuthenticationScheme: AuthenticationScheme was successfully authenticated.

-----------------------------------------

time:2017-11-01 10:15:58,955 
level:INFO 
logger:Microsoft.AspNetCore.Hosting.Internal.WebHost
file:? line? 
content:Request finished in 8.4422ms 404 
